(1) ((A->B)->((A->(!B))->(!A))) (—х. акс. 9)
(2) (((A->B)->((A->(!B))->(!A))))->((A->B)->(((A->B)->((A->(!B))->(!A))))) (—х. акс. 1)
(3) (A->B)->(((A->B)->((A->(!B))->(!A)))) (M.P. 1, 2)
(4) (((A->B)->((A->(!B))->(!A)))->((!B)->((A->B)->((A->(!B))->(!A))))) (—х. акс. 1)
(5) ((((A->B)->((A->(!B))->(!A)))->((!B)->((A->B)->((A->(!B))->(!A))))))->((A->B)->((((A->B)->((A->(!B))->(!A)))->((!B)->((A->B)->((A->(!B))->(!A))))))) (—х. акс. 1)
(6) (A->B)->((((A->B)->((A->(!B))->(!A)))->((!B)->((A->B)->((A->(!B))->(!A)))))) (M.P. 4, 5)
(7) ((A->B))->(((A->B))->((A->B))) (—х. акс. 1)
(8) (((A->B))->(((A->B))->((A->B))))->(((A->B))->(((A->B))->((A->B)))->((A->B)))->(((A->B))->((A->B))) (—х. акс. 2)
(9) (((A->B))->((((A->B))->((A->B)))->((A->B))))->(((A->B))->((A->B))) (M.P. 7, 8)
(10) ((A->B))->((((A->B))->((A->B)))->((A->B))) (—х. акс. 1)
(11) ((A->B))->((A->B)) (M.P. 10, 9)
(12) ((A->B)->((!B)->(A->B))) (—х. акс. 1)
(13) (((A->B)->((!B)->(A->B))))->((A->B)->(((A->B)->((!B)->(A->B))))) (—х. акс. 1)
(14) (A->B)->(((A->B)->((!B)->(A->B)))) (M.P. 12, 13)
(15) (((!B)->(A->B))->(((!B)->((A->B)->((A->(!B))->(!A))))->((!B)->((A->(!B))->(!A))))) (—х. акс. 2)
(16) ((((!B)->(A->B))->(((!B)->((A->B)->((A->(!B))->(!A))))->((!B)->((A->(!B))->(!A))))))->((A->B)->((((!B)->(A->B))->(((!B)->((A->B)->((A->(!B))->(!A))))->((!B)->((A->(!B))->(!A))))))) (—х. акс. 1)
(17) (A->B)->((((!B)->(A->B))->(((!B)->((A->B)->((A->(!B))->(!A))))->((!B)->((A->(!B))->(!A)))))) (M.P. 15, 16)
(18) ((!B)->(A->(!B))) (—х. акс. 1)
(19) (((!B)->(A->(!B))))->((A->B)->(((!B)->(A->(!B))))) (—х. акс. 1)
(20) (A->B)->(((!B)->(A->(!B)))) (M.P. 18, 19)
(21) (((!B)->(A->(!B)))->((!B)->((!B)->(A->(!B))))) (—х. акс. 1)
(22) ((((!B)->(A->(!B)))->((!B)->((!B)->(A->(!B))))))->((A->B)->((((!B)->(A->(!B)))->((!B)->((!B)->(A->(!B))))))) (—х. акс. 1)
(23) (A->B)->((((!B)->(A->(!B)))->((!B)->((!B)->(A->(!B)))))) (M.P. 21, 22)
(24) ((!B)->((!B)->(!B))) (—х. акс. 1)
(25) (((!B)->((!B)->(!B))))->((A->B)->(((!B)->((!B)->(!B))))) (—х. акс. 1)
(26) (A->B)->(((!B)->((!B)->(!B)))) (M.P. 24, 25)
(27) (((!B)->((!B)->(!B)))->(((!B)->(((!B)->(!B))->(!B)))->((!B)->(!B)))) (—х. акс. 2)
(28) ((((!B)->((!B)->(!B)))->(((!B)->(((!B)->(!B))->(!B)))->((!B)->(!B)))))->((A->B)->((((!B)->((!B)->(!B)))->(((!B)->(((!B)->(!B))->(!B)))->((!B)->(!B)))))) (—х. акс. 1)
(29) (A->B)->((((!B)->((!B)->(!B)))->(((!B)->(((!B)->(!B))->(!B)))->((!B)->(!B))))) (M.P. 27, 28)
(30) ((!B)->(((!B)->(!B))->(!B))) (—х. акс. 1)
(31) (((!B)->(((!B)->(!B))->(!B))))->((A->B)->(((!B)->(((!B)->(!B))->(!B))))) (—х. акс. 1)
(32) (A->B)->(((!B)->(((!B)->(!B))->(!B)))) (M.P. 30, 31)
(33) (((!B)->(!B))->(((!B)->((!B)->(A->(!B))))->((!B)->(A->(!B))))) (—х. акс. 2)
(34) ((((!B)->(!B))->(((!B)->((!B)->(A->(!B))))->((!B)->(A->(!B))))))->((A->B)->((((!B)->(!B))->(((!B)->((!B)->(A->(!B))))->((!B)->(A->(!B))))))) (—х. акс. 1)
(35) (A->B)->((((!B)->(!B))->(((!B)->((!B)->(A->(!B))))->((!B)->(A->(!B)))))) (M.P. 33, 34)
(36) ((!B)->(A->(!B))) (—х. акс. 1)
(37) (((!B)->(A->(!B))))->((A->B)->(((!B)->(A->(!B))))) (—х. акс. 1)
(38) (A->B)->(((!B)->(A->(!B)))) (M.P. 18, 19)
(39) (((!B)->(A->(!B)))->(((!B)->((A->(!B))->(!A)))->((!B)->(!A)))) (—х. акс. 2)
(40) ((((!B)->(A->(!B)))->(((!B)->((A->(!B))->(!A)))->((!B)->(!A)))))->((A->B)->((((!B)->(A->(!B)))->(((!B)->((A->(!B))->(!A)))->((!B)->(!A)))))) (—х. акс. 1)
(41) (A->B)->((((!B)->(A->(!B)))->(((!B)->((A->(!B))->(!A)))->((!B)->(!A))))) (M.P. 39, 40)
